\BOOKMARK [1][-]{section.1}{\376\377\000I\000n\000t\000r\000o\000d\000u\000c\000t\000i\000o\000n}{}% 1
\BOOKMARK [1][-]{section.2}{\376\377\000L\000a\000n\000g\000u\000a\000g\000e\000\040\000D\000e\000s\000c\000r\000i\000p\000t\000i\000o\000n\000:\000\040\000G\000e\000n\000e\000r\000a\000l}{}% 2
\BOOKMARK [2][-]{subsection.2.1}{\376\377\000P\000r\000o\000g\000r\000a\000m\000\040\000S\000t\000r\000u\000c\000t\000u\000r\000e}{section.2}% 3
\BOOKMARK [2][-]{subsection.2.2}{\376\377\000K\000e\000y\000w\000o\000r\000d\000s}{section.2}% 4
\BOOKMARK [1][-]{section.3}{\376\377\000L\000a\000n\000g\000u\000a\000g\000e\000\040\000D\000e\000s\000c\000r\000i\000p\000t\000i\000o\000n\000:\000\040\000V\000a\000l\000u\000e\000s}{}% 5
\BOOKMARK [2][-]{subsection.3.1}{\376\377\000B\000a\000s\000i\000c\000\040\000E\000x\000p\000r\000e\000s\000s\000i\000o\000n\000s}{section.3}% 6
\BOOKMARK [3][-]{subsubsection.3.1.1}{\376\377\000L\000i\000t\000e\000r\000a\000l\000s\000\040\000a\000n\000d\000\040\000I\000d\000e\000n\000t\000i\000f\000i\000e\000r\000s}{subsection.3.1}% 7
\BOOKMARK [3][-]{subsubsection.3.1.2}{\376\377\000P\000a\000r\000e\000n\000t\000h\000e\000s\000i\000s\000,\000\040\000T\000u\000p\000l\000e\000s\000\040\000a\000n\000d\000\040\000L\000i\000s\000t\000s}{subsection.3.1}% 8
\BOOKMARK [3][-]{subsubsection.3.1.3}{\376\377\000P\000a\000r\000e\000n\000t\000h\000e\000s\000i\000s\000\040\000F\000u\000n\000c\000t\000i\000o\000n\000\040\000A\000p\000p\000l\000i\000c\000a\000t\000i\000o\000n}{subsection.3.1}% 9
\BOOKMARK [3][-]{subsubsection.3.1.4}{\376\377\000P\000r\000e\000f\000i\000x\000\040\000a\000n\000d\000\040\000P\000o\000s\000t\000f\000i\000x\000\040\000F\000u\000n\000c\000t\000i\000o\000n\000s}{subsection.3.1}% 10
\BOOKMARK [2][-]{subsection.3.2}{\376\377\000O\000p\000e\000r\000a\000t\000o\000r\000s}{section.3}% 11
\BOOKMARK [3][-]{subsubsection.3.2.1}{\376\377\000F\000u\000n\000c\000t\000i\000o\000n\000\040\000A\000p\000p\000l\000i\000c\000a\000t\000i\000o\000n\000\040\000a\000n\000d\000\040\000F\000u\000n\000c\000t\000i\000o\000n\000\040\000C\000o\000m\000p\000o\000s\000i\000t\000i\000o\000n\000\040\000O\000p\000e\000r\000a\000t\000o\000r\000s}{subsection.3.2}% 12
\BOOKMARK [3][-]{subsubsection.3.2.2}{\376\377\000A\000r\000i\000t\000h\000m\000e\000t\000i\000c\000,\000\040\000C\000o\000m\000p\000a\000r\000i\000s\000o\000n\000\040\000a\000n\000d\000\040\000B\000o\000o\000l\000e\000a\000n\000\040\000O\000p\000e\000r\000a\000t\000o\000r\000s}{subsection.3.2}% 13
\BOOKMARK [3][-]{subsubsection.3.2.3}{\376\377\000E\000n\000v\000i\000r\000o\000n\000m\000e\000n\000t\000\040\000A\000c\000t\000i\000o\000n\000\040\000O\000p\000e\000r\000a\000t\000o\000r\000s}{subsection.3.2}% 14
\BOOKMARK [3][-]{subsubsection.3.2.4}{\376\377\000O\000p\000e\000r\000a\000t\000o\000r\000\040\000E\000x\000p\000r\000e\000s\000s\000i\000o\000n\000s}{subsection.3.2}% 15
\BOOKMARK [3][-]{subsubsection.3.2.5}{\376\377\000C\000o\000m\000p\000l\000e\000t\000e\000\040\000T\000a\000b\000l\000e\000,\000\040\000P\000r\000e\000c\000e\000d\000e\000n\000c\000e\000\040\000a\000n\000d\000\040\000A\000s\000s\000o\000c\000i\000a\000t\000i\000v\000i\000t\000y}{subsection.3.2}% 16
\BOOKMARK [2][-]{subsection.3.3}{\376\377\000F\000u\000n\000c\000t\000i\000o\000n\000\040\000E\000x\000p\000r\000e\000s\000s\000i\000o\000n\000s}{section.3}% 17
\BOOKMARK [3][-]{subsubsection.3.3.1}{\376\377\000R\000e\000g\000u\000l\000a\000r\000\040\000F\000u\000n\000c\000t\000i\000o\000n\000\040\000E\000x\000p\000r\000e\000s\000s\000i\000o\000n\000s}{subsection.3.3}% 18
\BOOKMARK [3][-]{subsubsection.3.3.2}{\376\377\000"\000c\000a\000s\000e\000s\000"\000\040\000F\000u\000n\000c\000t\000i\000o\000n\000\040\000E\000x\000p\000r\000e\000s\000s\000i\000o\000n\000s}{subsection.3.3}% 19
\BOOKMARK [2][-]{subsection.3.4}{\376\377\000V\000a\000l\000u\000e\000\040\000D\000e\000f\000i\000n\000i\000t\000i\000o\000n\000s\000\040\000a\000n\000d\000\040\000"\000w\000h\000e\000r\000e\000"\000\040\000E\000x\000p\000r\000e\000s\000s\000i\000o\000n\000s}{section.3}% 20
\BOOKMARK [3][-]{subsubsection.3.4.1}{\376\377\000V\000a\000l\000u\000e\000\040\000D\000e\000f\000i\000n\000i\000t\000i\000o\000n\000s}{subsection.3.4}% 21
\BOOKMARK [3][-]{subsubsection.3.4.2}{\376\377\000"\000w\000h\000e\000r\000e\000"\000\040\000E\000x\000p\000r\000e\000s\000s\000i\000o\000n\000s}{subsection.3.4}% 22
\BOOKMARK [1][-]{section.4}{\376\377\000L\000a\000n\000g\000u\000a\000g\000e\000\040\000D\000e\000s\000c\000r\000i\000p\000t\000i\000o\000n\000:\000\040\000T\000y\000p\000e\000s\000\040\000a\000n\000d\000\040\000T\000y\000p\000e\000\040\000L\000o\000g\000i\000c}{}% 23
\BOOKMARK [2][-]{subsection.4.1}{\376\377\000T\000y\000p\000e\000s}{section.4}% 24
\BOOKMARK [3][-]{subsubsection.4.1.1}{\376\377\000T\000y\000p\000e\000\040\000E\000x\000p\000r\000e\000s\000s\000i\000o\000n\000s}{subsection.4.1}% 25
\BOOKMARK [3][-]{subsubsection.4.1.2}{\376\377\000T\000y\000p\000e\000\040\000D\000e\000f\000i\000n\000i\000t\000i\000o\000n\000s}{subsection.4.1}% 26
\BOOKMARK [3][-]{subsubsection.4.1.3}{\376\377\000T\000y\000p\000e\000\040\000N\000i\000c\000k\000n\000a\000m\000e\000s}{subsection.4.1}% 27
\BOOKMARK [2][-]{subsection.4.2}{\376\377\000T\000y\000p\000e\000\040\000L\000o\000g\000i\000c}{section.4}% 28
\BOOKMARK [3][-]{subsubsection.4.2.1}{\376\377\000P\000r\000o\000p\000o\000s\000i\000t\000i\000o\000n\000\040\000D\000e\000f\000i\000n\000i\000t\000i\000o\000n\000s}{subsection.4.2}% 29
\BOOKMARK [3][-]{subsubsection.4.2.2}{\376\377\000T\000h\000e\000o\000r\000e\000m\000s}{subsection.4.2}% 30
\BOOKMARK [1][-]{section.5}{\376\377\000L\000a\000n\000g\000u\000a\000g\000e\000\040\000D\000e\000s\000c\000r\000i\000p\000t\000i\000o\000n\000:\000\040\000P\000r\000e\000d\000e\000f\000i\000n\000e\000d}{}% 31
\BOOKMARK [2][-]{subsection.5.1}{\376\377\000V\000a\000l\000u\000e\000s}{section.5}% 32
\BOOKMARK [2][-]{subsection.5.2}{\376\377\000T\000y\000p\000e\000s}{section.5}% 33
\BOOKMARK [2][-]{subsection.5.3}{\376\377\000T\000y\000p\000e\000\040\000P\000r\000o\000p\000o\000s\000i\000t\000i\000o\000n\000s}{section.5}% 34
\BOOKMARK [1][-]{section.6}{\376\377\000P\000a\000r\000s\000e\000r\000\040\000I\000m\000p\000l\000e\000m\000e\000n\000t\000a\000t\000i\000o\000n}{}% 35
\BOOKMARK [2][-]{subsection.6.1}{\376\377\000F\000u\000l\000l\000\040\000g\000r\000a\000m\000m\000a\000r\000\040\000a\000n\000d\000\040\000i\000n\000d\000e\000n\000t\000a\000t\000i\000o\000n\000\040\000s\000y\000s\000t\000e\000m}{section.6}% 36
\BOOKMARK [3][-]{subsubsection.6.1.1}{\376\377\000F\000u\000l\000l\000\040\000g\000r\000a\000m\000m\000a\000r}{subsection.6.1}% 37
\BOOKMARK [3][-]{subsubsection.6.1.2}{\376\377\000I\000n\000d\000e\000n\000t\000a\000t\000i\000o\000n\000\040\000s\000y\000s\000t\000e\000m}{subsection.6.1}% 38
\BOOKMARK [2][-]{subsection.6.2}{\376\377\000H\000i\000g\000h\000\040\000l\000e\000v\000e\000l\000\040\000s\000t\000r\000u\000c\000t\000u\000r\000e}{section.6}% 39
\BOOKMARK [3][-]{subsubsection.6.2.1}{\376\377\000P\000a\000r\000s\000e\000c\000\040\000l\000i\000b\000r\000a\000r\000y}{subsection.6.2}% 40
\BOOKMARK [3][-]{subsubsection.6.2.2}{\376\377\000F\000i\000l\000e\000\040\000s\000t\000r\000u\000c\000t\000u\000r\000e}{subsection.6.2}% 41
\BOOKMARK [2][-]{subsection.6.3}{\376\377\000P\000a\000r\000s\000e\000r\000\040\000E\000x\000a\000m\000p\000l\000e\000s}{section.6}% 42
\BOOKMARK [3][-]{subsubsection.6.3.1}{\376\377\000P\000a\000r\000s\000e\000r\000\040\000C\000l\000a\000s\000s\000\040\000a\000n\000d\000\040\000E\000x\000a\000m\000p\000l\000e\000\040\0000\000:\000\040\000L\000i\000t\000e\000r\000a\000l}{subsection.6.3}% 43
\BOOKMARK [3][-]{subsubsection.6.3.2}{\376\377\000E\000x\000a\000m\000p\000l\000e\000\040\0001\000:\000\040\000L\000i\000s\000t}{subsection.6.3}% 44
\BOOKMARK [3][-]{subsubsection.6.3.3}{\376\377\000E\000x\000a\000m\000p\000l\000e\000\040\0002\000:\000\040\000C\000h\000a\000n\000g\000e}{subsection.6.3}% 45
\BOOKMARK [3][-]{subsubsection.6.3.4}{\376\377\000E\000x\000a\000m\000p\000l\000e\000\040\0003\000:\000\040\000V\000a\000l\000u\000e\000\040\000D\000e\000f\000i\000n\000i\000t\000i\000o\000n}{subsection.6.3}% 46
\BOOKMARK [1][-]{section.7}{\376\377\000T\000r\000a\000n\000s\000l\000a\000t\000i\000o\000n\000\040\000t\000o\000\040\000H\000a\000s\000k\000e\000l\000l}{}% 47
\BOOKMARK [2][-]{subsection.7.1}{\376\377\000H\000i\000g\000h\000\040\000L\000e\000v\000e\000l\000\040\000O\000v\000e\000r\000v\000i\000e\000w}{section.7}% 48
\BOOKMARK [2][-]{subsection.7.2}{\376\377\000T\000r\000a\000n\000s\000l\000a\000t\000i\000o\000n\000\040\000P\000h\000a\000s\000e}{section.7}% 49
\BOOKMARK [2][-]{subsection.7.3}{\376\377\000T\000r\000a\000n\000s\000l\000a\000t\000i\000o\000n\000\040\000P\000h\000a\000s\000e\000:\000\040\000B\000a\000s\000i\000c\000\040\000E\000x\000p\000r\000e\000s\000s\000i\000o\000n\000s}{section.7}% 50
\BOOKMARK [3][-]{subsubsection.7.3.1}{\376\377\000L\000i\000t\000e\000r\000a\000l\000s\000\040\000a\000n\000d\000\040\000I\000d\000e\000n\000t\000i\000f\000i\000e\000r\000s}{subsection.7.3}% 51
\BOOKMARK [3][-]{subsubsection.7.3.2}{\376\377\000P\000a\000r\000e\000n\000t\000h\000e\000s\000i\000s\000,\000\040\000T\000u\000p\000l\000e\000s\000\040\000a\000n\000d\000\040\000L\000i\000s\000t\000s}{subsection.7.3}% 52
\BOOKMARK [3][-]{subsubsection.7.3.3}{\376\377\000P\000a\000r\000e\000n\000t\000h\000e\000s\000i\000s\000\040\000F\000u\000n\000c\000t\000i\000o\000n\000\040\000A\000p\000p\000l\000i\000c\000a\000t\000i\000o\000n}{subsection.7.3}% 53
\BOOKMARK [3][-]{subsubsection.7.3.4}{\376\377\000P\000r\000e\000f\000i\000x\000\040\000a\000n\000d\000\040\000P\000o\000s\000t\000f\000i\000x\000\040\000F\000u\000n\000c\000t\000i\000o\000n\000s}{subsection.7.3}% 54
\BOOKMARK [2][-]{subsection.7.4}{\376\377\000T\000r\000a\000n\000s\000l\000a\000t\000i\000o\000n\000\040\000P\000h\000a\000s\000e\000:\000\040\000O\000p\000e\000r\000a\000t\000o\000r\000s}{section.7}% 55
\BOOKMARK [3][-]{subsubsection.7.4.1}{\376\377\000F\000u\000n\000c\000t\000i\000o\000n\000\040\000A\000p\000p\000l\000i\000c\000a\000t\000i\000o\000n\000\040\000a\000n\000d\000\040\000F\000u\000n\000c\000t\000i\000o\000n\000\040\000C\000o\000m\000p\000o\000s\000i\000t\000i\000o\000n\000\040\000O\000p\000e\000r\000a\000t\000o\000r\000s}{subsection.7.4}% 56
\BOOKMARK [3][-]{subsubsection.7.4.2}{\376\377\000A\000r\000i\000t\000h\000m\000e\000t\000i\000c\000,\000\040\000C\000o\000m\000p\000a\000r\000i\000s\000o\000n\000\040\000a\000n\000d\000\040\000B\000o\000o\000l\000e\000a\000n\000\040\000O\000p\000e\000r\000a\000t\000o\000r\000s}{subsection.7.4}% 57
\BOOKMARK [3][-]{subsubsection.7.4.3}{\376\377\000E\000n\000v\000i\000r\000o\000n\000m\000e\000n\000t\000\040\000A\000c\000t\000i\000o\000n\000\040\000O\000p\000e\000r\000a\000t\000o\000r\000s}{subsection.7.4}% 58
\BOOKMARK [3][-]{subsubsection.7.4.4}{\376\377\000O\000p\000e\000r\000a\000t\000o\000r\000\040\000E\000x\000p\000r\000e\000s\000s\000i\000o\000n\000s}{subsection.7.4}% 59
\BOOKMARK [2][-]{subsection.7.5}{\376\377\000T\000r\000a\000n\000s\000l\000a\000t\000i\000o\000n\000\040\000P\000h\000a\000s\000e\000:\000\040\000F\000u\000n\000c\000t\000i\000o\000n\000\040\000E\000x\000p\000r\000e\000s\000s\000i\000o\000n\000s}{section.7}% 60
\BOOKMARK [3][-]{subsubsection.7.5.1}{\376\377\000R\000e\000g\000u\000l\000a\000r\000\040\000F\000u\000n\000c\000t\000i\000o\000n\000\040\000E\000x\000p\000r\000e\000s\000s\000i\000o\000n\000s}{subsection.7.5}% 61
\BOOKMARK [3][-]{subsubsection.7.5.2}{\376\377\000"\000c\000a\000s\000e\000s\000"\000\040\000F\000u\000n\000c\000t\000i\000o\000n\000\040\000E\000x\000p\000r\000e\000s\000s\000i\000o\000n\000s}{subsection.7.5}% 62
\BOOKMARK [2][-]{subsection.7.6}{\376\377\000T\000r\000a\000n\000s\000l\000a\000t\000i\000o\000n\000\040\000P\000h\000a\000s\000e\000:\000\040\000V\000a\000l\000u\000e\000\040\000D\000e\000f\000i\000n\000i\000t\000i\000o\000n\000s\000\040\000a\000n\000d\000\040\000"\000w\000h\000e\000r\000e\000"\000\040\000E\000x\000p\000r\000e\000s\000s\000i\000o\000n\000s}{section.7}% 63
\BOOKMARK [3][-]{subsubsection.7.6.1}{\376\377\000V\000a\000l\000u\000e\000\040\000D\000e\000f\000i\000n\000i\000t\000i\000o\000n\000s}{subsection.7.6}% 64
\BOOKMARK [3][-]{subsubsection.7.6.2}{\376\377\000"\000w\000h\000e\000r\000e\000"\000\040\000E\000x\000p\000r\000e\000s\000s\000i\000o\000n\000s}{subsection.7.6}% 65
\BOOKMARK [2][-]{subsection.7.7}{\376\377\000T\000r\000a\000n\000s\000l\000a\000t\000i\000o\000n\000\040\000P\000h\000a\000s\000e\000:\000\040\000T\000y\000p\000e\000s}{section.7}% 66
\BOOKMARK [3][-]{subsubsection.7.7.1}{\376\377\000T\000y\000p\000e\000\040\000E\000x\000p\000r\000e\000s\000s\000i\000o\000n\000s}{subsection.7.7}% 67
\BOOKMARK [3][-]{subsubsection.7.7.2}{\376\377\000T\000y\000p\000e\000\040\000D\000e\000f\000i\000n\000i\000t\000i\000o\000n\000s}{subsection.7.7}% 68
\BOOKMARK [3][-]{subsubsection.7.7.3}{\376\377\000T\000y\000p\000e\000\040\000N\000i\000c\000k\000n\000a\000m\000e\000s}{subsection.7.7}% 69
\BOOKMARK [2][-]{subsection.7.8}{\376\377\000T\000r\000a\000n\000s\000l\000a\000t\000i\000o\000n\000\040\000P\000h\000a\000s\000e\000:\000\040\000T\000y\000p\000e\000\040\000L\000o\000g\000i\000c}{section.7}% 70
\BOOKMARK [3][-]{subsubsection.7.8.1}{\376\377\000P\000r\000o\000p\000o\000s\000i\000t\000i\000o\000n\000\040\000D\000e\000f\000i\000n\000i\000t\000i\000o\000n\000s}{subsection.7.8}% 71
\BOOKMARK [3][-]{subsubsection.7.8.2}{\376\377\000T\000h\000e\000o\000r\000e\000m\000s}{subsection.7.8}% 72
\BOOKMARK [2][-]{subsection.7.9}{\376\377\000C\000o\000r\000r\000e\000s\000p\000o\000n\000d\000a\000c\000e\000s\000\040\000w\000i\000t\000h\000\040\000H\000a\000s\000k\000e\000l\000l}{section.7}% 73
\BOOKMARK [1][-]{section.8}{\376\377\000R\000u\000n\000n\000i\000n\000g\000\040\000E\000x\000a\000m\000p\000l\000e\000s}{}% 74
\BOOKMARK [1][-]{section.9}{\376\377\000C\000o\000n\000c\000l\000u\000s\000i\000o\000n}{}% 75
